2020-02-10T08:23:37+00:00 CRITICAL Maximum execution time of 30 seconds exceeded in C:\xampp\htdocs\agrodistribution\wp-includes\wp-db.php on line 1924

2020-02-10T08:23:37+00:00 CRITICAL Maximum execution time of 30 seconds exceeded in C:\xampp\htdocs\agrodistribution\wp-content\plugins\elementor\core\common\modules\connect\admin.php on line 7

2020-02-10T08:23:39+00:00 CRITICAL Maximum execution time of 30 seconds exceeded in C:\xampp\htdocs\agrodistribution\wp-includes\Requests\Transport\cURL.php on line 163

2020-02-10T08:23:41+00:00 CRITICAL Maximum execution time of 30 seconds exceeded in C:\xampp\htdocs\agrodistribution\wp-includes\wp-db.php on line 1924

2020-02-10T08:25:10+00:00 CRITICAL Maximum execution time of 30 seconds exceeded in C:\xampp\htdocs\agrodistribution\wp-content\themes\hestia\vendor\codeinwp\themeisle-sdk\src\Modules\Logger.php on line 19

2020-02-10T08:25:19+00:00 CRITICAL Maximum execution time of 30 seconds exceeded in C:\xampp\htdocs\agrodistribution\wp-content\plugins\themeisle-companion\vendor\codeinwp\gutenberg-blocks\blocks\post-grid\class-posts-grid-block.php on line 7

2020-02-10T08:26:19+00:00 CRITICAL Maximum execution time of 30 seconds exceeded in C:\xampp\htdocs\agrodistribution\wp-includes\widgets\class-wp-nav-menu-widget.php on line 17

2020-02-10T08:26:25+00:00 CRITICAL Maximum execution time of 30 seconds exceeded in C:\xampp\htdocs\agrodistribution\wp-content\plugins\yith-woocommerce-wishlist\includes\class.yith-wcwl-privacy.php on line 10

2020-02-10T08:26:25+00:00 CRITICAL Maximum execution time of 30 seconds exceeded in C:\xampp\htdocs\agrodistribution\wp-content\plugins\yith-woocommerce-wishlist\includes\class.yith-wcwl-privacy.php on line 10

2020-02-10T08:26:27+00:00 CRITICAL Maximum execution time of 30 seconds exceeded in C:\xampp\htdocs\agrodistribution\wp-content\plugins\jetpack\modules\theme-tools\social-menu.php on line 17

2020-02-10T08:26:30+00:00 CRITICAL Maximum execution time of 30 seconds exceeded in C:\xampp\htdocs\agrodistribution\wp-content\themes\hestia\inc\core\class-hestia-autoloader.php on line 208

2020-02-10T08:26:33+00:00 CRITICAL Maximum execution time of 30 seconds exceeded in C:\xampp\htdocs\agrodistribution\wp-content\themes\hestia\inc\views\blog\class-hestia-blog-post-layout.php on line 13

2020-02-10T08:37:36+00:00 CRITICAL Maximum execution time of 30 seconds exceeded in C:\xampp\htdocs\agrodistribution\wp-content\themes\hestia\vendor\codeinwp\themeisle-sdk\src\Modules\Uninstall_feedback.php on line 18

2020-02-10T08:57:22+00:00 CRITICAL Maximum execution time of 30 seconds exceeded in C:\xampp\htdocs\agrodistribution\wp-content\plugins\woocommerce\includes\admin\settings\class-wc-settings-page.php on line 11

2020-02-10T09:03:24+00:00 CRITICAL Maximum execution time of 30 seconds exceeded in C:\xampp\htdocs\agrodistribution\wp-admin\admin-footer.php on line 10

2020-02-10T09:03:58+00:00 CRITICAL Maximum execution time of 30 seconds exceeded in C:\xampp\htdocs\agrodistribution\wp-admin\includes\bookmark.php on line 16

2020-02-10T09:32:32+00:00 CRITICAL Maximum execution time of 30 seconds exceeded in C:\xampp\htdocs\agrodistribution\wp-content\plugins\yith-woocommerce-wishlist\plugin-fw\lib\yit-plugin-gradients.php on line 29

2020-02-10T09:32:34+00:00 CRITICAL Maximum execution time of 30 seconds exceeded in C:\xampp\htdocs\agrodistribution\wp-content\themes\hestia\inc\core\class-hestia-autoloader.php on line 208

2020-02-10T09:32:41+00:00 CRITICAL Maximum execution time of 30 seconds exceeded in C:\xampp\htdocs\agrodistribution\wp-content\plugins\elementor\includes\managers\controls.php on line 4

2020-02-10T09:33:02+00:00 CRITICAL Maximum execution time of 30 seconds exceeded in C:\xampp\htdocs\agrodistribution\wp-content\plugins\woocommerce\includes\class-wc-regenerate-images-request.php on line 12

2020-02-10T09:33:14+00:00 CRITICAL Maximum execution time of 30 seconds exceeded in C:\xampp\htdocs\agrodistribution\wp-admin\includes\image.php on line 548

2020-02-10T09:35:18+00:00 CRITICAL Maximum execution time of 30 seconds exceeded in C:\xampp\htdocs\agrodistribution\wp-includes\class-requests.php on line 145

2020-02-10T09:35:19+00:00 CRITICAL Maximum execution time of 30 seconds exceeded in C:\xampp\htdocs\agrodistribution\wp-includes\Requests\Transport\cURL.php on line 163

2020-02-10T09:49:25+00:00 CRITICAL Maximum execution time of 30 seconds exceeded in C:\xampp\htdocs\agrodistribution\wp-content\plugins\wp-responsive-recent-post-slider\wpos-analytics\includes\class-anylc-script.php on line 11

